<?xml version="1.0" encoding="UTF-8" ?>
<testsuites errors="0"
            failures="1"
            tests="1">

  <testsuite name="demo"
    errors="0" failures="1" hostname="" id="" package="demo" skipped="0"
    tests="1" time="22.23" timestamp="">
  
    <testcase name="test" classname="demo" time="22.23" assertions="2">

      <failure message="Testing if element &lt;#main&gt; contains text: &#34;Dados da Empresa&#34;. Element could not be located in 1000 ms. - expected [0;32m&#34;Dados da Empresa&#34;[0m but got: [0;31m&#34;null&#34;[0m">    at Object.test (C:\Users\conta\Documents\Repositorios\les\frontend\tests\demo.js:26:15)
    at process._tickCallback (internal/process/next_tick.js:68:7)</failure>

    <failure message="    at Object.test (C:\Users\conta\Documents\Repositorios\les\frontend\tests\demo.js:26:15)">    at process._tickCallback (internal/process/next_tick.js:68:7)</failure>
    </testcase>
  

  

  
  </testsuite>
</testsuites>
